# 动态链接

## plt和got

### 概念理解

#### 两个表概念

GOT(全局偏移表)，ELF将其分为两个表，分别是.got和.got.plt

PLT(程序链接表)

+ .got——>保存全局变量的引用地址

+ .got.plt——>保存函数引用的地址，即所有外部函数的引用全部被分离出来了

  前三项有特殊意义：

  + 第一项保存的是.dynamic段的地址，这个段描述了本模块动态链接的相关信息
  + 第二项保存的是本模块的ID
  + 第三项保存的是_dl_runtime_resolve()的地址

  但在编译时，无法获取知道link_map地址和_dl_runtime_resolve函数地址，所以编译时填零地址，进程启动时由动态链接器进行填充3个特殊项后面依次是每个动态库函数的GOT表项

+ .plt——>在.got.plt中拿到地址并跳转，如果没有，则出发链接器去寻找地址

+ .plt.got——>不清楚！

#### PLT结构

<img src=".\img\stack\GOT中的PLT数据结构.png" alt="GOT中的PLT数据结构" style="zoom:50%;" align="left" />

PLT基本结构：

```
PLT0：
push *(GOT + 4)
jump *(GOT + 8)
...
bar@plt:
jmp *(bar@GOT)
push n
jump PLT0
```

注：其他详细的知识点请看《程序员的自我修养——链接、装载与库》的动态链接部分

### 动手操作

源程序：

```
//test.c
#include <stdio.h>
#include <stdlib.h>

int main(int argc, char **argv)
{
    puts("Hello world!");     //第一次调用put函数是验证延迟重定位需寻找函数的过程
    //puts("Hello world!");   //第二次调用可以验证函数重定位后调用的过程，由于在操作的时候没有考虑这步，故读者可以加上
    exit(0);
}
```

编译：

```
gcc -m32 -no-pie -g -o test test.c
```

注：如果在64位平台的ubantu下运行，可能会出现没有安装32位库文件的错误，解决办法：**sudo apt-get install libc6-dev-i386**（仅供参考）

objdump查看所有节(了解基本的命令很重要):

```
dililearngent@dililearngent-virtual-machine:~/Desktop/pwn1$ objdump -h test|grep -E "plt|got"
  9 .rel.plt      00000018  080482b0  080482b0  000002b0  2**2
 11 .plt          00000040  080482f0  080482f0  000002f0  2**4
 12 .plt.got      00000008  08048330  08048330  00000330  2**3
 22 .got          00000004  08049ffc  08049ffc  00000ffc  2**2
 23 .got.plt      00000018  0804a000  0804a000  00001000  2**2
```

注意这几个段的开始地址(第二列，第一列是size),特别是.got.plt段的首地址是0x0804a000，做完后面的过程回过头来会豁然开朗，能够理解.got.plt段的结构

gdb调试：

+ 查看main函数汇编代码

  ```
  gdb-peda$ disass main
  Dump of assembler code for function main:
     0x0804843b <+0>:	lea    ecx,[esp+0x4]
     0x0804843f <+4>:	and    esp,0xfffffff0
     0x08048442 <+7>:	push   DWORD PTR [ecx-0x4]
     0x08048445 <+10>:	push   ebp
     0x08048446 <+11>:	mov    ebp,esp
     0x08048448 <+13>:	push   ecx
     0x08048449 <+14>:	sub    esp,0x4
     0x0804844c <+17>:	sub    esp,0xc
     0x0804844f <+20>:	push   0x80484f0
     0x08048454 <+25>:	call   0x8048300 <puts@plt>
     0x08048459 <+30>:	add    esp,0x10
     0x0804845c <+33>:	sub    esp,0xc
     0x0804845f <+36>:	push   0x0
     0x08048461 <+38>:	call   0x8048310 <exit@plt>
  End of assembler dump.
  ```

+ 查看puts处汇编代码

  ```
  gdb-peda$ disass puts
  Dump of assembler code for function puts@plt:
     0x08048300 <+0>:	jmp    DWORD PTR ds:0x804a00c
     0x08048306 <+6>:	push   0x0
     0x0804830b <+11>:jmp    0x80482f0
  ```

+ 在puts函数处下断点（或者在0x08048300处下端点也是一样的），运行程序

  ```
  gdb-peda$ b *0x8048300
  Breakpoint 1 at 0x8048300
  gdb-peda$ r
  Starting program: /home/dililearngent/Desktop/pwn1/test 
  
  [----------------------------------registers-----------------------------------]
  EAX: 0xf7fb8dbc --> 0xffffcf8c --> 0xffffd1a0 ("LC_PAPER=zh_CN.UTF-8")
  EBX: 0x0 
  ECX: 0xffffcef0 --> 0x1 
  EDX: 0xffffcf14 --> 0x0 
  ESI: 0xf7fb7000 --> 0x1afdb0 
  EDI: 0xf7fb7000 --> 0x1afdb0 
  EBP: 0xffffced8 --> 0x0 
  ESP: 0xffffcebc --> 0x8048459 (<main+30>:	add    esp,0x10)
  EIP: 0x8048300 (<puts@plt>:	jmp    DWORD PTR ds:0x804a00c)
  EFLAGS: 0x292 (carry parity ADJUST zero SIGN trap INTERRUPT direction overflow)
  [-------------------------------------code-------------------------------------]
     0x80482f6:	jmp    DWORD PTR ds:0x804a008
     0x80482fc:	add    BYTE PTR [eax],al
     0x80482fe:	add    BYTE PTR [eax],al
  => 0x8048300 <puts@plt>:	jmp    DWORD PTR ds:0x804a00c
   | 0x8048306 <puts@plt+6>:	push   0x0
   | 0x804830b <puts@plt+11>:	jmp    0x80482f0
   | 0x8048310 <exit@plt>:	jmp    DWORD PTR ds:0x804a010
   | 0x8048316 <exit@plt+6>:	push   0x8
   |->   0x8048306 <puts@plt+6>:	push   0x0
         0x804830b <puts@plt+11>:	jmp    0x80482f0
         0x8048310 <exit@plt>:	jmp    DWORD PTR ds:0x804a010
         0x8048316 <exit@plt+6>:	push   0x8
                                                                    JUMP is taken
  ```

  可以发现，call   0x8048300 \<puts@plt>是进入put函数的plt表，这个表有3行代码

+ 观察第一行：**jmp    DWORD PTR ds:0x804a00c**，查看0x804a00c这个地址

  ```
  gdb-peda$ x /30x 0x804a00c
  0x804a00c:	0x08048306	0x08048316	0x08048326	0x00000000
  0x804a01c:	0x00000000	0x00000000	Cannot access memory at address 0x804a024
  ```

  这个jmp地址代表的是put函数地址存放在的地址，这个地址在数据段的.got.plt表中，发现跳转的地址0x08048306竟然是jmp指令下一跳地址

+ 接着n执行两步到达**jmp    0x80482f0**，查看0x80482f0这个地址

  ```
  [-------------------------------------code-------------------------------------]
     0x80482fe:	add    BYTE PTR [eax],al
     0x8048300 <puts@plt>:	jmp    DWORD PTR ds:0x804a00c
     0x8048306 <puts@plt+6>:	push   0x0
  => 0x804830b <puts@plt+11>:	jmp    0x80482f0
   | 0x8048310 <exit@plt>:	jmp    DWORD PTR ds:0x804a010
   | 0x8048316 <exit@plt+6>:	push   0x8
   | 0x804831b <exit@plt+11>:	jmp    0x80482f0
   | 0x8048320 <__libc_start_main@plt>:	jmp    DWORD PTR ds:0x804a014
   |->   0x80482f0:	push   DWORD PTR ds:0x804a004
         0x80482f6:	jmp    DWORD PTR ds:0x804a008
         0x80482fc:	add    BYTE PTR [eax],al
         0x80482fe:	add    BYTE PTR [eax],al
                                                                    JUMP is taken
  ```

  代码中给出了0x80482f0跳转的位置，这个位置也是plt表的表首

+ 接着单步执行一下

  ```
  [-------------------------------------code-------------------------------------]
  => 0x80482f0:	push   DWORD PTR ds:0x804a004
     0x80482f6:	jmp    DWORD PTR ds:0x804a008
     0x80482fc:	add    BYTE PTR [eax],al
     0x80482fe:	add    BYTE PTR [eax],al
  ```

  这里push的地址0x804a004是.got.plt表的某个地址，ds:0x804a004表示的是*(got+4),查看里面的内容：

  ```
  gdb-peda$ x /20x 0x804a004
  0x804a004:	0xf7ffd918	0xf7fedfe0	0xf7e66150	0x08048316
  0x804a014:	0xf7e1f550	0x00000000	0x00000000	0x00000000
  0x804a024:	0x00000000	0x00000000	0x00000000	0x00000000
  0x804a034:	0x00000000	0x00000000	0x00000000	0x00000000
  0x804a044:	0x00000000	0x00000000	0x00000000	0x00000000
  ```

  也就是说*(got+4)中存的是0xf7ffd918，这个地址不重要

+ 接着单步运行

  ```
  [-------------------------------------code-------------------------------------]
     0x80482ed:	add    BYTE PTR [eax],al
     0x80482ef:	add    bh,bh
     0x80482f1:	xor    eax,0x804a004
  => 0x80482f6:	jmp    DWORD PTR ds:0x804a008
   | 0x80482fc:	add    BYTE PTR [eax],al
   | 0x80482fe:	add    BYTE PTR [eax],al
   | 0x8048300 <puts@plt>:	jmp    DWORD PTR ds:0x804a00c
   | 0x8048306 <puts@plt+6>:	push   0x0
   |->   0xf7fedfe0:	push   eax
         0xf7fedfe1:	push   ecx
         0xf7fedfe2:	push   edx
         0xf7fedfe3:	mov    edx,DWORD PTR [esp+0x10]
                                                                    JUMP is taken
  ```

  看下一条指令**jmp    DWORD PTR ds:0x804a008**，0x804a008这个也是.got.plt表的地址，ds:0x804a004表示的是*(got+8)，里面存放的是地址0xf7fedfe0，这个地址很重要，保存的是_dl_runtime_resolve的地址

+ 进入_dl_runtime_resolve

  ```
  [-------------------------------------code-------------------------------------]
     0xf7fedfda:	jmp    0xf7fedf65
     0xf7fedfdc:	xchg   ax,ax
     0xf7fedfde:	xchg   ax,ax
  => 0xf7fedfe0:	push   eax
     0xf7fedfe1:	push   ecx
     0xf7fedfe2:	push   edx
     0xf7fedfe3:	mov    edx,DWORD PTR [esp+0x10]
     0xf7fedfe7:	mov    eax,DWORD PTR [esp+0xc]
  ```

+ 一直单步执行到这

  ```
  [-------------------------------------code-------------------------------------]
     0xf7fedfe2:	push   edx
     0xf7fedfe3:	mov    edx,DWORD PTR [esp+0x10]
     0xf7fedfe7:	mov    eax,DWORD PTR [esp+0xc]
  => 0xf7fedfeb:	call   0xf7fe77e0
     0xf7fedff0:	pop    edx
     0xf7fedff1:	mov    ecx,DWORD PTR [esp]
     0xf7fedff4:	mov    DWORD PTR [esp],eax
     0xf7fedff7:	mov    eax,DWORD PTR [esp+0x4]
  Guessed arguments:
  arg[0]: 0xffffcf14 --> 0x0 
  arg[1]: 0xffffcef0 --> 0x1 
  arg[2]: 0xf7fb8dbc --> 0xffffcf8c --> 0xffffd1a0 ("LC_PAPER=zh_CN.UTF-8")
  ```

  需要调用一个函数，这个地址0xf7fe77e0就是即_dl_fixup的地址（这里卡了半天，网上相关的调试图片结果中有注释，而自己的结果没有注释）

+ 继续执行，就不选择进入这个函数了，后面会讲它的作用

  ```
  [-------------------------------------code-------------------------------------]
     0xf7fedfe3:	mov    edx,DWORD PTR [esp+0x10]
     0xf7fedfe7:	mov    eax,DWORD PTR [esp+0xc]
     0xf7fedfeb:	call   0xf7fe77e0
  => 0xf7fedff0:	pop    edx
     0xf7fedff1:	mov    ecx,DWORD PTR [esp]
     0xf7fedff4:	mov    DWORD PTR [esp],eax
     0xf7fedff7:	mov    eax,DWORD PTR [esp+0x4]
     0xf7fedffb:	ret    0xc
  ```

  这个时候查看0x804a00c,因为这地址就是got表的地址，存放这put函数的真实地址

  ```
  gdb-peda$ x /20x 0x804a00c
  0x804a00c:	0x50	0x61	0xe6	0xf7	0x16	0x83	0x04	0x08
  0x804a014:	0x50	0xf5	0xe1	0xf7	0x00	0x00	0x00	0x00
  0x804a01c:	0x00	0x00	0x00	0x00
  ```

  可以发现这个地址现在存的是0xf7e66150，这个应该就是链接后真正的put函数地址吧

+ 我们继续执行完ret 0xc

  ```
  [-------------------------------------code-------------------------------------]
     0xf7e6614a:	xchg   ax,ax
     0xf7e6614c:	xchg   ax,ax
     0xf7e6614e:	xchg   ax,ax
  => 0xf7e66150 <puts>:	push   ebp
     0xf7e66151 <puts+1>:	mov    ebp,esp
     0xf7e66153 <puts+3>:	push   edi
     0xf7e66154 <puts+4>:	push   esi
     0xf7e66155 <puts+5>:	push   ebx
  ```

  ```
  gdb-peda$ x /20x 0x804a00c
  0x804a00c:	0xf7e66150	0x08048316	0xf7e1f550	0x00000000
  0x804a01c:	0x00000000	0x00000000	0x00000000	0x00000000
  0x804a02c:	0x00000000	0x00000000	0x00000000	0x00000000
  0x804a03c:	0x00000000	0x00000000	0x00000000	0x00000000
  0x804a04c:	0x00000000	0x00000000	0x00000000	0x00000000
  ```

  没错，_dl_runtime_resolve执行完后就返回了put函数真实代码处，而0x804a00c存的也正是这地址

### 流程图

写完这一段，我对这个过程已近了解，但是换一个刚开始的人，还是会比较懵，在网上找了一张流程图，地址不一样就是了，但流程一样（为了节省时间，就不改了，如果你看懂了，就把这个流程用图画出来吧，换上我们的地址）

这是函数延迟重定位(第一次调用)的过程：

<img src=".\img\stack\动态链接重定位时.png" style="zoom:80%;" align='left' />



函数延迟重定位后(在之前调用过一次后)再调用的过程：

<img src=".\img\stack\动态链接重定位后函数调用.png" alt="动态链接重定位后函数调用" style="zoom:80%;" align='left' />

## **dl_runtime_resolve**

